Copyright 1986-2022 Xilinx, Inc. All Rights Reserved. Copyright 2022-2023 Advanced Micro Devices, Inc. All Rights Reserved.
---------------------------------------------------------------------------------------------------------------------------------------------
| Tool Version : Vivado v.2023.1 (win64) Build 3865809 Sun May  7 15:05:29 MDT 2023
| Date         : Tue Dec 24 12:50:30 2024
| Host         : wjh running 64-bit major release  (build 9200)
| Command      : upgrade_ip
| Device       : xc7a200tfbg676-1
---------------------------------------------------------------------------------------------------------------------------------------------

Upgrade Log for IP 'axi_ram'

1. Summary
----------

SUCCESS in the upgrade of axi_ram (xilinx.com:ip:blk_mem_gen:8.4) from (Rev. 4) to (Rev. 6)






Copyright 1986-2022 Xilinx, Inc. All Rights Reserved. Copyright 2022-2023 Advanced Micro Devices, Inc. All Rights Reserved.
---------------------------------------------------------------------------------------------------------------------------------------------
| Tool Version : Vivado v.2023.1 (win64) Build 3865809 Sun May  7 15:05:29 MDT 2023
| Date         : Tue Dec 24 12:48:04 2024
| Host         : wjh running 64-bit major release  (build 9200)
| Command      : upgrade_ip
| Device       : xc7a200tfbg676-1
---------------------------------------------------------------------------------------------------------------------------------------------

Upgrade Log for IP 'clk_pll'

1. Summary
----------

SUCCESS in the upgrade of clk_pll (xilinx.com:ip:clk_wiz:6.0) from (Rev. 4) to (Rev. 12)






Copyright 1986-2022 Xilinx, Inc. All Rights Reserved. Copyright 2022-2023 Advanced Micro Devices, Inc. All Rights Reserved.
---------------------------------------------------------------------------------------------------------------------------------------------
| Tool Version : Vivado v.2023.1 (win64) Build 3865809 Sun May  7 15:05:29 MDT 2023
| Date         : Tue Dec 24 12:47:32 2024
| Host         : wjh running 64-bit major release  (build 9200)
| Command      : upgrade_ip
| Device       : xc7a200tfbg676-1
---------------------------------------------------------------------------------------------------------------------------------------------

Upgrade Log for IP 'axi_crossbar_1x2'

1. Summary
----------

SUCCESS in the upgrade of axi_crossbar_1x2 (xilinx.com:ip:axi_crossbar:2.1) from (Rev. 21) to (Rev. 29)

