Vivado Simulator v2023.1
Copyright 1986-2022 Xilinx, Inc. All Rights Reserved.
Copyright 2022-2023 Advanced Micro Devices, Inc. All Rights Reserved.
Running: C:/Xilinx/Vivado/2023.1/bin/unwrapped/win64.o/xelab.exe --incr --debug typical --relax --mt 2 -L xil_defaultlib -L blk_mem_gen_v8_4_6 -L generic_baseblocks_v2_1_0 -L axi_infrastructure_v1_1_0 -L axi_register_slice_v2_1_28 -L fifo_generator_v13_2_8 -L axi_data_fifo_v2_1_27 -L axi_crossbar_v2_1_29 -L unisims_ver -L unimacro_ver -L secureip -L xpm --snapshot tb_top_behav xil_defaultlib.tb_top xil_defaultlib.glbl -log elaborate.log 
Using 2 slave threads.
Starting static elaboration
Pass Through NonSizing Optimizer
WARNING: [VRFC 10-3091] actual bit length 2 differs from formal bit length 1 for port 's0_mat' [C:/Users/86156/Desktop/calab/calab-68/Cooperative_project/prj7_exp23/mycpu_env/myCPU/cpu.v:478]
WARNING: [VRFC 10-3091] actual bit length 2 differs from formal bit length 1 for port 's1_mat' [C:/Users/86156/Desktop/calab/calab-68/Cooperative_project/prj7_exp23/mycpu_env/myCPU/cpu.v:479]
WARNING: [VRFC 10-3091] actual bit length 4 differs from formal bit length 8 for port 'arlen' [C:/Users/86156/Desktop/calab/calab-68/Cooperative_project/prj7_exp23/mycpu_env/soc_verify/soc_axi/rtl/soc_lite_top.v:557]
WARNING: [VRFC 10-3091] actual bit length 4 differs from formal bit length 8 for port 'awlen' [C:/Users/86156/Desktop/calab/calab-68/Cooperative_project/prj7_exp23/mycpu_env/soc_verify/soc_axi/rtl/soc_lite_top.v:573]
WARNING: [VRFC 10-5021] port 'ena' is not connected on this instance [C:/Users/86156/Desktop/calab/calab-68/Cooperative_project/prj7_exp23/mycpu_env/myCPU/cache.v:289]
WARNING: [VRFC 10-5021] port 'ena' is not connected on this instance [C:/Users/86156/Desktop/calab/calab-68/Cooperative_project/prj7_exp23/mycpu_env/myCPU/cache.v:310]
WARNING: [VRFC 10-5021] port 'aclk2x' is not connected on this instance [/wrk/ci/prod/2023.1/sw/continuous/3753/packages/customer/vivado/data/ip/xilinx/axi_crossbar_v2_1/hdl/axi_crossbar_v2_1_vl_rfs.v:3103]
Completed static elaboration
Starting simulation data flow analysis
Completed simulation data flow analysis
Time Resolution for simulation is 1ps
Compiling module xil_defaultlib.IFreg
Compiling module xil_defaultlib.decoder_6_64
Compiling module xil_defaultlib.decoder_4_16
Compiling module xil_defaultlib.decoder_2_4
Compiling module xil_defaultlib.decoder_5_32
Compiling module xil_defaultlib.regfile
Compiling module xil_defaultlib.IDreg
Compiling module xil_defaultlib.my_full_adder
Compiling module xil_defaultlib.wallace_add_unit
Compiling module xil_defaultlib.Wallace_Mul_default
Compiling module xil_defaultlib.Div
Compiling module xil_defaultlib.alu
Compiling module xil_defaultlib.EXEreg
Compiling module xil_defaultlib.MEMreg
Compiling module xil_defaultlib.WBreg
Compiling module xil_defaultlib.CSRfile
Compiling module xil_defaultlib.tlb_default
Compiling module xil_defaultlib.Stable_Counter
Compiling module xil_defaultlib.sram_axi_bridge
Compiling module blk_mem_gen_v8_4_6.blk_mem_gen_v8_4_6_output_stage(...
Compiling module blk_mem_gen_v8_4_6.blk_mem_gen_v8_4_6_output_stage(...
Compiling module blk_mem_gen_v8_4_6.blk_mem_gen_v8_4_6_softecc_outpu...
Compiling module blk_mem_gen_v8_4_6.blk_mem_gen_v8_4_6_mem_module(C_...
Compiling module blk_mem_gen_v8_4_6.blk_mem_gen_v8_4_6(C_FAMILY="art...
Compiling module xil_defaultlib.data_bank_ram
Compiling module xil_defaultlib.tagv_regfile
Compiling module xil_defaultlib.d_regfile
Compiling module xil_defaultlib.cache_default
Compiling module xil_defaultlib.mycpu_top
Compiling module xil_defaultlib.axi_wrap
Compiling module generic_baseblocks_v2_1_0.generic_baseblocks_v2_1_0_carry_...
Compiling module generic_baseblocks_v2_1_0.generic_baseblocks_v2_1_0_compar...
Compiling module generic_baseblocks_v2_1_0.generic_baseblocks_v2_1_0_compar...
Compiling module generic_baseblocks_v2_1_0.generic_baseblocks_v2_1_0_compar...
Compiling module generic_baseblocks_v2_1_0.generic_baseblocks_v2_1_0_compar...
Compiling module generic_baseblocks_v2_1_0.generic_baseblocks_v2_1_0_compar...
Compiling module generic_baseblocks_v2_1_0.generic_baseblocks_v2_1_0_compar...
Compiling module generic_baseblocks_v2_1_0.generic_baseblocks_v2_1_0_compar...
Compiling module axi_crossbar_v2_1_29.axi_crossbar_v2_1_29_addr_decode...
Compiling module axi_crossbar_v2_1_29.axi_crossbar_v2_1_29_arbiter_res...
Compiling module generic_baseblocks_v2_1_0.generic_baseblocks_v2_1_0_mux_en...
Compiling module unisims_ver.SRLC32E_default
Compiling module axi_data_fifo_v2_1_27.axi_data_fifo_v2_1_27_ndeep_srl(...
Compiling module axi_data_fifo_v2_1_27.axi_data_fifo_v2_1_27_axic_srl_f...
Compiling module axi_crossbar_v2_1_29.axi_crossbar_v2_1_29_si_transact...
Compiling module generic_baseblocks_v2_1_0.generic_baseblocks_v2_1_0_mux_en...
Compiling module axi_crossbar_v2_1_29.axi_crossbar_v2_1_29_si_transact...
Compiling module axi_crossbar_v2_1_29.axi_crossbar_v2_1_29_splitter
Compiling module axi_data_fifo_v2_1_27.axi_data_fifo_v2_1_27_ndeep_srl(...
Compiling module axi_data_fifo_v2_1_27.axi_data_fifo_v2_1_27_axic_reg_s...
Compiling module axi_crossbar_v2_1_29.axi_crossbar_v2_1_29_wdata_route...
Compiling module axi_crossbar_v2_1_29.axi_crossbar_v2_1_29_wdata_mux(C...
Compiling module axi_data_fifo_v2_1_27.axi_data_fifo_v2_1_27_axic_srl_f...
Compiling module axi_infrastructure_v1_1_0.axi_infrastructure_v1_1_0_axi2ve...
Compiling module axi_infrastructure_v1_1_0.axi_infrastructure_v1_1_0_vector...
Compiling module axi_register_slice_v2_1_28.axi_register_slice_v2_1_28_axic_...
Compiling module axi_register_slice_v2_1_28.axi_register_slice_v2_1_28_axic_...
Compiling module axi_register_slice_v2_1_28.axi_register_slice_v2_1_28_axic_...
Compiling module axi_register_slice_v2_1_28.axi_register_slice_v2_1_28_axic_...
Compiling module axi_register_slice_v2_1_28.axi_register_slice_v2_1_28_axi_r...
Compiling module axi_crossbar_v2_1_29.axi_crossbar_v2_1_29_wdata_mux(C...
Compiling module axi_data_fifo_v2_1_27.axi_data_fifo_v2_1_27_axic_srl_f...
Compiling module axi_crossbar_v2_1_29.axi_crossbar_v2_1_29_addr_arbite...
Compiling module axi_crossbar_v2_1_29.axi_crossbar_v2_1_29_decerr_slav...
Compiling module axi_crossbar_v2_1_29.axi_crossbar_v2_1_29_crossbar(C_...
Compiling module axi_crossbar_v2_1_29.axi_crossbar_v2_1_29_axi_crossba...
Compiling module xil_defaultlib.axi_crossbar_1x2
Compiling module blk_mem_gen_v8_4_6.beh_vlog_ff_clr_v8_4
Compiling module blk_mem_gen_v8_4_6.beh_vlog_ff_pre_v8_4
Compiling module blk_mem_gen_v8_4_6.STATE_LOGIC_v8_4(INIT=64'b010101...
Compiling module blk_mem_gen_v8_4_6.STATE_LOGIC_v8_4(INIT=64'b101111...
Compiling module blk_mem_gen_v8_4_6.STATE_LOGIC_v8_4(INIT=64'b101010...
Compiling module blk_mem_gen_v8_4_6.STATE_LOGIC_v8_4(INIT=64'b010101...
Compiling module blk_mem_gen_v8_4_6.STATE_LOGIC_v8_4(INIT=64'b010001...
Compiling module blk_mem_gen_v8_4_6.STATE_LOGIC_v8_4(INIT=64'b010001...
Compiling module blk_mem_gen_v8_4_6.STATE_LOGIC_v8_4(INIT=64'b011010...
Compiling module blk_mem_gen_v8_4_6.STATE_LOGIC_v8_4(INIT=64'b111111...
Compiling module blk_mem_gen_v8_4_6.STATE_LOGIC_v8_4(INIT=64'b011000...
Compiling module blk_mem_gen_v8_4_6.STATE_LOGIC_v8_4(INIT=64'b011111...
Compiling module blk_mem_gen_v8_4_6.STATE_LOGIC_v8_4(INIT=64'b0111)
Compiling module blk_mem_gen_v8_4_6.STATE_LOGIC_v8_4(INIT=64'b111110...
Compiling module blk_mem_gen_v8_4_6.STATE_LOGIC_v8_4(INIT=64'b01000)
Compiling module blk_mem_gen_v8_4_6.STATE_LOGIC_v8_4(INIT=64'b100010...
Compiling module blk_mem_gen_v8_4_6.write_netlist_v8_4(C_AXI_TYPE=1)
Compiling module blk_mem_gen_v8_4_6.blk_mem_axi_write_wrapper_beh_v8...
Compiling module blk_mem_gen_v8_4_6.beh_vlog_ff_ce_clr_v8_4
Compiling module blk_mem_gen_v8_4_6.STATE_LOGIC_v8_4(INIT=64'b01011)
Compiling module blk_mem_gen_v8_4_6.STATE_LOGIC_v8_4(INIT=64'b0100)
Compiling module blk_mem_gen_v8_4_6.STATE_LOGIC_v8_4(INIT=64'b111011...
Compiling module blk_mem_gen_v8_4_6.STATE_LOGIC_v8_4(INIT=64'b010001...
Compiling module blk_mem_gen_v8_4_6.STATE_LOGIC_v8_4(INIT=64'b010000...
Compiling module blk_mem_gen_v8_4_6.STATE_LOGIC_v8_4(INIT=64'b011111...
Compiling module blk_mem_gen_v8_4_6.STATE_LOGIC_v8_4(INIT=64'b01)
Compiling module blk_mem_gen_v8_4_6.STATE_LOGIC_v8_4(INIT=64'b010000...
Compiling module blk_mem_gen_v8_4_6.STATE_LOGIC_v8_4(INIT=64'b010001...
Compiling module blk_mem_gen_v8_4_6.STATE_LOGIC_v8_4(INIT=64'b011101...
Compiling module blk_mem_gen_v8_4_6.STATE_LOGIC_v8_4(INIT=64'b111111...
Compiling module blk_mem_gen_v8_4_6.STATE_LOGIC_v8_4(INIT=64'b010101...
Compiling module blk_mem_gen_v8_4_6.STATE_LOGIC_v8_4(INIT=64'b111100...
Compiling module blk_mem_gen_v8_4_6.beh_vlog_muxf7_v8_4
Compiling module blk_mem_gen_v8_4_6.STATE_LOGIC_v8_4(INIT=64'b010101...
Compiling module blk_mem_gen_v8_4_6.STATE_LOGIC_v8_4(INIT=64'b011100...
Compiling module blk_mem_gen_v8_4_6.STATE_LOGIC_v8_4(INIT=64'b011111...
Compiling module blk_mem_gen_v8_4_6.STATE_LOGIC_v8_4(INIT=64'b010001...
Compiling module blk_mem_gen_v8_4_6.STATE_LOGIC_v8_4(INIT=64'b010001...
Compiling module blk_mem_gen_v8_4_6.STATE_LOGIC_v8_4(INIT=64'b011100...
Compiling module blk_mem_gen_v8_4_6.read_netlist_v8_4(C_ADDRB_WIDTH=...
Compiling module blk_mem_gen_v8_4_6.blk_mem_axi_read_wrapper_beh_v8_...
Compiling module blk_mem_gen_v8_4_6.blk_mem_gen_v8_4_6_output_stage(...
Compiling module blk_mem_gen_v8_4_6.blk_mem_gen_v8_4_6_output_stage(...
Compiling module blk_mem_gen_v8_4_6.blk_mem_gen_v8_4_6_softecc_outpu...
Compiling module blk_mem_gen_v8_4_6.blk_mem_gen_v8_4_6_mem_module(C_...
Compiling module blk_mem_gen_v8_4_6.blk_mem_gen_v8_4_6(C_FAMILY="art...
Compiling module xil_defaultlib.axi_ram
Compiling module xil_defaultlib.axi_wrap_ram
Compiling module xil_defaultlib.confreg(SIMULATION=1'b1)
Compiling module xil_defaultlib.soc_lite_top(SIMULATION=1'b1)
Compiling module xil_defaultlib.tb_top
WARNING: [XSIM 43-3373] "C:/Users/86156/Desktop/calab/calab-68/Cooperative_project/prj7_exp23/mycpu_env/soc_verify/soc_axi/testbench/mycpu_tb.v" Line 124. System function $fscanf is used as system task. This system function should have a LHS e.g. x=$fscanf().
Compiling module xil_defaultlib.glbl
Built simulation snapshot tb_top_behav
